<?xml version="1.0" encoding="UTF-8"?>
<!-- Generated by org.testng.reporters.JUnitXMLReporter -->
<testsuite ignored="0" hostname="IN-GDRY9K3" failures="0" tests="5" name="Default test" time="43.564" errors="0" timestamp="21 Jul 2023 18:32:37 GMT">
  <testcase classname="Selenium_MavenProject.Assignment.LoginpageTesting" name="LoginValidmailid" time="20.55"/>
  <testcase classname="Selenium_MavenProject.Assignment.LoginpageTesting" name="Loginvalidmailid" time="2.053"/>
  <testcase classname="Selenium_MavenProject.Assignment.LoginpageTesting" name="LogininValidPassword" time="3.517"/>
  <testcase classname="Selenium_MavenProject.Assignment.LoginpageTesting" name="Logblankuser" time="1.239"/>
  <testcase classname="Selenium_MavenProject.Assignment.LoginpageTesting" name="Loginblankpass" time="2.947"/>
</testsuite> <!-- Default test -->
